<?xml version="1.0" encoding="UTF-8"?>
<!-- Generated by org.testng.reporters.JUnitReportReporter -->
<testsuite hostname="HR-47" failures="0" tests="2" name="Day10.First_Test" time="0.010" errors="0" timestamp="2024-08-01T11:59:50 IST" skipped="0">
  <testcase classname="Day10.First_Test" name="OpenURL" time="0.008"/>
  <testcase classname="Day10.First_Test" name="Login" time="0.002"/>
</testsuite> <!-- Day10.First_Test -->
