<?xml version="1.0" encoding="UTF-8"?>
<!-- Generated by org.testng.reporters.JUnitReportReporter -->
<testsuite hostname="HR-47" failures="0" tests="4" name="Day10.NewTest_First" time="54.969" errors="0" timestamp="2024-08-01T11:50:19 IST" skipped="0">
  <testcase classname="Day10.NewTest_First" name="tearUp" time="41.233"/>
  <testcase classname="Day10.NewTest_First" name="logo" time="3.053"/>
  <testcase classname="Day10.NewTest_First" name="Login" time="10.450"/>
  <testcase classname="Day10.NewTest_First" name="tearDown" time="0.233"/>
</testsuite> <!-- Day10.NewTest_First -->
