<?xml version="1.0" encoding="UTF-8"?>
<!-- Generated by org.testng.reporters.JUnitReportReporter -->
<testsuite hostname="HR-47" failures="0" tests="3" name="Day10.GroupingDemo" time="0.012" errors="0" timestamp="2024-08-02T11:36:56 IST" skipped="0">
  <testcase classname="Day10.GroupingDemo" name="loginByfacebook" time="0.009"/>
  <testcase classname="Day10.GroupingDemo" name="loginBytwitter" time="0.002"/>
  <testcase classname="Day10.GroupingDemo" name="paymentindollar" time="0.001"/>
</testsuite> <!-- Day10.GroupingDemo -->
