<?xml version="1.0" encoding="UTF-8"?>
<!-- Generated by org.testng.reporters.JUnitReportReporter -->
<testsuite hostname="HR-47" failures="0" tests="6" name="Day10.parallelDemo" time="13.617" errors="0" timestamp="2024-08-02T13:13:13 IST" skipped="0">
  <testcase classname="Day10.parallelDemo" name="Logo" time="3.070"/>
  <testcase classname="Day10.parallelDemo" name="Logo" time="3.052"/>
  <testcase classname="Day10.parallelDemo" name="Logo" time="3.043"/>
  <testcase classname="Day10.parallelDemo" name="Login" time="1.365"/>
  <testcase classname="Day10.parallelDemo" name="Login" time="1.413"/>
  <testcase classname="Day10.parallelDemo" name="Login" time="1.674"/>
</testsuite> <!-- Day10.parallelDemo -->
